<?xml version="1.0" encoding="UTF-8"?>
<!-- Generated by org.testng.reporters.JUnitReportReporter -->
<testsuite hostname="LAPTOP-0LK2BG1S" failures="0" tests="10" name="Test_Ng.I9nvocation_count" time="0.012" errors="0" timestamp="2022-10-31T20:53:55 IST" skipped="0">
  <testcase classname="Test_Ng.I9nvocation_count" name="Tc1" time="0.006"/>
  <system-out>
    <![CDATA[running tc1]]>
  </system-out>
  <testcase classname="Test_Ng.I9nvocation_count" name="Tc1" time="0.000"/>
  <system-out>
    <![CDATA[running tc1]]>
  </system-out>
  <testcase classname="Test_Ng.I9nvocation_count" name="Tc1" time="0.000"/>
  <system-out>
    <![CDATA[running tc1]]>
  </system-out>
  <testcase classname="Test_Ng.I9nvocation_count" name="Tc1" time="0.001"/>
  <system-out>
    <![CDATA[running tc1]]>
  </system-out>
  <testcase classname="Test_Ng.I9nvocation_count" name="Tc1" time="0.002"/>
  <system-out>
    <![CDATA[running tc1]]>
  </system-out>
  <testcase classname="Test_Ng.I9nvocation_count" name="Tc1" time="0.000"/>
  <system-out>
    <![CDATA[running tc1]]>
  </system-out>
  <testcase classname="Test_Ng.I9nvocation_count" name="Tc1" time="0.001"/>
  <system-out>
    <![CDATA[running tc1]]>
  </system-out>
  <testcase classname="Test_Ng.I9nvocation_count" name="Tc1" time="0.001"/>
  <system-out>
    <![CDATA[running tc1]]>
  </system-out>
  <testcase classname="Test_Ng.I9nvocation_count" name="Tc1" time="0.001"/>
  <system-out>
    <![CDATA[running tc1]]>
  </system-out>
  <testcase classname="Test_Ng.I9nvocation_count" name="Tc1" time="0.000"/>
  <system-out>
    <![CDATA[running tc1]]>
  </system-out>
</testsuite> <!-- Test_Ng.I9nvocation_count -->
