<?xml version="1.0" encoding="UTF-8"?>
<!-- Generated by org.testng.reporters.JUnitReportReporter -->
<testsuite hostname="LAPTOP-0LK2BG1S" failures="0" tests="1" name="Test_Ng.Test_ng" time="0.005" errors="0" timestamp="2022-10-29T21:45:46 IST" skipped="0">
  <testcase classname="Test_Ng.Test_ng" name="m1" time="0.005"/>
  <system-out>
    <![CDATA[Hii]]>
  </system-out>
</testsuite> <!-- Test_Ng.Test_ng -->
