<?xml version="1.0" encoding="UTF-8"?>
<!-- Generated by org.testng.reporters.JUnitReportReporter -->
<testsuite hostname="LAPTOP-0LK2BG1S" failures="0" tests="1" name="Multibrower_testinig.Pavan" time="7.336" errors="0" timestamp="2022-11-06T19:24:45 IST" skipped="0">
  <testcase classname="Multibrower_testinig.Pavan" name="Tc1" time="7.336"/>
  <system-out/>
</testsuite> <!-- Multibrower_testinig.Pavan -->
