<?xml version="1.0" encoding="UTF-8"?>
<!-- Generated by org.testng.reporters.JUnitReportReporter -->
<testsuite hostname="LAPTOP-0LK2BG1S" failures="0" tests="1" name="Test_NG_Parallel_Exucation.B" time="24.673" errors="0" timestamp="2022-11-04T20:40:04 IST" skipped="0">
  <testcase classname="Test_NG_Parallel_Exucation.B" name="Tc2" time="24.673"/>
  <system-out/>
</testsuite> <!-- Test_NG_Parallel_Exucation.B -->
