<?xml version="1.0" encoding="UTF-8"?>
<!-- Generated by org.testng.reporters.JUnitReportReporter -->
<testsuite hostname="LAPTOP-0LK2BG1S" failures="0" tests="2" name="Test_Ng.Enabled" time="0.006" errors="0" timestamp="2022-10-31T21:08:26 IST" skipped="1">
  <testcase classname="Test_Ng.Enabled" name="Tc2" time="0.006"/>
  <system-out>
    <![CDATA[Tc2 running]]>
  </system-out>
  <testcase classname="Test_Ng.Enabled" name="Tc1">
    <skipped/>
  </testcase> <!-- Tc1 -->
  <system-out/>
</testsuite> <!-- Test_Ng.Enabled -->
