<?xml version="1.0" encoding="UTF-8"?>
<!-- Generated by org.testng.reporters.JUnitReportReporter -->
<testsuite hostname="LAPTOP-0LK2BG1S" failures="0" tests="3" name="Test_Ng.Priority" time="0.008" errors="0" timestamp="2022-10-31T21:03:22 IST" skipped="0">
  <testcase classname="Test_Ng.Priority" name="Tc2" time="0.005"/>
  <system-out>
    <![CDATA[Tc2 running]]>
  </system-out>
  <testcase classname="Test_Ng.Priority" name="Tc3" time="0.002"/>
  <system-out>
    <![CDATA[Tc3 running]]>
  </system-out>
  <testcase classname="Test_Ng.Priority" name="Tc1" time="0.001"/>
  <system-out>
    <![CDATA[Tc1 running]]>
  </system-out>
</testsuite> <!-- Test_Ng.Priority -->
