<?xml version="1.0" encoding="UTF-8"?>
<!-- Generated by org.testng.reporters.JUnitReportReporter -->
<testsuite hostname="LAPTOP-0LK2BG1S" failures="0" tests="1" name="Test_Ng.Annotation" time="0.006" errors="0" timestamp="2022-11-04T08:35:37 IST" skipped="0">
  <testcase classname="Test_Ng.Annotation" name="verifyid" time="0.006"/>
  <system-out>
    <![CDATA[Veify user id]]>
  </system-out>
</testsuite> <!-- Test_Ng.Annotation -->
